# JRE version: Java(TM) SE Runtime Environment (8.0_101-b13) (build 1.8.0_101-b13)
# Java VM: Java HotSpot(TM) 64-Bit Server VM (25.101-b13 mixed mode bsd-amd64 compressed oops)
Heap:
 PSYoungGen      total 76288K, used 72434K [0x000000076ab00000, 0x0000000771180000, 0x00000007c0000000)
  eden space 65536K, 98% used [0x000000076ab00000,0x000000076ea3c318,0x000000076eb00000)
  from space 10752K, 71% used [0x000000076eb00000,0x000000076f280700,0x000000076f580000)
  to   space 10752K, 0% used [0x0000000770700000,0x0000000770700000,0x0000000771180000)
 ParOldGen       total 118272K, used 9460K [0x00000006c0000000, 0x00000006c7380000, 0x000000076ab00000)
  object space 118272K, 7% used [0x00000006c0000000,0x00000006c093d130,0x00000006c7380000)
 Metaspace       used 30013K, capacity 30408K, committed 30720K, reserved 1075200K
  class space    used 3841K, capacity 3976K, committed 4096K, reserved 1048576K
GC Heap History (8 events):
Event: 1.576 GC heap before
{Heap before GC invocations=1 (full 0):
 PSYoungGen      total 76288K, used 65536K [0x000000076ab00000, 0x0000000770000000, 0x00000007c0000000)
  eden space 65536K, 100% used [0x000000076ab00000,0x000000076eb00000,0x000000076eb00000)
  from space 10752K, 0% used [0x000000076f580000,0x000000076f580000,0x0000000770000000)
  to   space 10752K, 0% used [0x000000076eb00000,0x000000076eb00000,0x000000076f580000)
 ParOldGen       total 175104K, used 0K [0x00000006c0000000, 0x00000006cab00000, 0x000000076ab00000)
  object space 175104K, 0% used [0x00000006c0000000,0x00000006c0000000,0x00000006cab00000)
 Metaspace       used 13241K, capacity 13384K, committed 13568K, reserved 1060864K
  class space    used 1629K, capacity 1686K, committed 1792K, reserved 1048576K
Event: 1.586 GC heap after
Heap after GC invocations=1 (full 0):
 PSYoungGen      total 76288K, used 9025K [0x000000076ab00000, 0x0000000770000000, 0x00000007c0000000)
  eden space 65536K, 0% used [0x000000076ab00000,0x000000076ab00000,0x000000076eb00000)
  from space 10752K, 83% used [0x000000076eb00000,0x000000076f3d0518,0x000000076f580000)
  to   space 10752K, 0% used [0x000000076f580000,0x000000076f580000,0x0000000770000000)
 ParOldGen       total 175104K, used 72K [0x00000006c0000000, 0x00000006cab00000, 0x000000076ab00000)
  object space 175104K, 0% used [0x00000006c0000000,0x00000006c0012010,0x00000006cab00000)
 Metaspace       used 13241K, capacity 13384K, committed 13568K, reserved 1060864K
  class space    used 1629K, capacity 1686K, committed 1792K, reserved 1048576K
}
Event: 2.506 GC heap before
{Heap before GC invocations=2 (full 0):
 PSYoungGen      total 76288K, used 67411K [0x000000076ab00000, 0x0000000770000000, 0x00000007c0000000)
  eden space 65536K, 89% used [0x000000076ab00000,0x000000076e404a58,0x000000076eb00000)
  from space 10752K, 83% used [0x000000076eb00000,0x000000076f3d0518,0x000000076f580000)
  to   space 10752K, 0% used [0x000000076f580000,0x000000076f580000,0x0000000770000000)
 ParOldGen       total 175104K, used 72K [0x00000006c0000000, 0x00000006cab00000, 0x000000076ab00000)
  object space 175104K, 0% used [0x00000006c0000000,0x00000006c0012010,0x00000006cab00000)
 Metaspace       used 20934K, capacity 21148K, committed 21296K, reserved 1069056K
  class space    used 2633K, capacity 2682K, committed 2688K, reserved 1048576K
Event: 2.516 GC heap after
Heap after GC invocations=2 (full 0):
 PSYoungGen      total 76288K, used 9683K [0x000000076ab00000, 0x0000000770000000, 0x00000007c0000000)
  eden space 65536K, 0% used [0x000000076ab00000,0x000000076ab00000,0x000000076eb00000)
  from space 10752K, 90% used [0x000000076f580000,0x000000076fef4de8,0x0000000770000000)
  to   space 10752K, 0% used [0x000000076eb00000,0x000000076eb00000,0x000000076f580000)
 ParOldGen       total 175104K, used 160K [0x00000006c0000000, 0x00000006cab00000, 0x000000076ab00000)
  object space 175104K, 0% used [0x00000006c0000000,0x00000006c0028038,0x00000006cab00000)
 Metaspace       used 20934K, capacity 21148K, committed 21296K, reserved 1069056K
  class space    used 2633K, capacity 2682K, committed 2688K, reserved 1048576K
}
Event: 2.516 GC heap before
{Heap before GC invocations=3 (full 1):
 PSYoungGen      total 76288K, used 9683K [0x000000076ab00000, 0x0000000770000000, 0x00000007c0000000)
  eden space 65536K, 0% used [0x000000076ab00000,0x000000076ab00000,0x000000076eb00000)
  from space 10752K, 90% used [0x000000076f580000,0x000000076fef4de8,0x0000000770000000)
  to   space 10752K, 0% used [0x000000076eb00000,0x000000076eb00000,0x000000076f580000)
 ParOldGen       total 175104K, used 160K [0x00000006c0000000, 0x00000006cab00000, 0x000000076ab00000)
  object space 175104K, 0% used [0x00000006c0000000,0x00000006c0028038,0x00000006cab00000)
 Metaspace       used 20934K, capacity 21148K, committed 21296K, reserved 1069056K
  class space    used 2633K, capacity 2682K, committed 2688K, reserved 1048576K
Event: 2.555 GC heap after
Heap after GC invocations=3 (full 1):
 PSYoungGen      total 76288K, used 0K [0x000000076ab00000, 0x0000000770000000, 0x00000007c0000000)
  eden space 65536K, 0% used [0x000000076ab00000,0x000000076ab00000,0x000000076eb00000)
  from space 10752K, 0% used [0x000000076f580000,0x000000076f580000,0x0000000770000000)
  to   space 10752K, 0% used [0x000000076eb00000,0x000000076eb00000,0x000000076f580000)
 ParOldGen       total 118272K, used 9452K [0x00000006c0000000, 0x00000006c7380000, 0x000000076ab00000)
  object space 118272K, 7% used [0x00000006c0000000,0x00000006c093b130,0x00000006c7380000)
 Metaspace       used 20934K, capacity 21148K, committed 21296K, reserved 1069056K
  class space    used 2633K, capacity 2682K, committed 2688K, reserved 1048576K
}
Event: 27.868 GC heap before
{Heap before GC invocations=4 (full 1):
 PSYoungGen      total 76288K, used 65536K [0x000000076ab00000, 0x0000000770000000, 0x00000007c0000000)
  eden space 65536K, 100% used [0x000000076ab00000,0x000000076eb00000,0x000000076eb00000)
  from space 10752K, 0% used [0x000000076f580000,0x000000076f580000,0x0000000770000000)
  to   space 10752K, 0% used [0x000000076eb00000,0x000000076eb00000,0x000000076f580000)
 ParOldGen       total 118272K, used 9452K [0x00000006c0000000, 0x00000006c7380000, 0x000000076ab00000)
  object space 118272K, 7% used [0x00000006c0000000,0x00000006c093b130,0x00000006c7380000)
 Metaspace       used 27004K, capacity 27390K, committed 27776K, reserved 1073152K
  class space    used 3442K, capacity 3589K, committed 3712K, reserved 1048576K
Event: 27.874 GC heap after
Heap after GC invocations=4 (full 1):
 PSYoungGen      total 76288K, used 7681K [0x000000076ab00000, 0x0000000771180000, 0x00000007c0000000)
  eden space 65536K, 0% used [0x000000076ab00000,0x000000076ab00000,0x000000076eb00000)
  from space 10752K, 71% used [0x000000076eb00000,0x000000076f280700,0x000000076f580000)
  to   space 10752K, 0% used [0x0000000770700000,0x0000000770700000,0x0000000771180000)
 ParOldGen       total 118272K, used 9460K [0x00000006c0000000, 0x00000006c7380000, 0x000000076ab00000)
  object space 118272K, 7% used [0x00000006c0000000,0x00000006c093d130,0x00000006c7380000)
 Metaspace       used 27004K, capacity 27390K, committed 27776K, reserved 1073152K
  class space    used 3442K, capacity 3589K, committed 3712K, reserved 1048576K
}

