# JRE version: Java(TM) SE Runtime Environment (8.0_101-b13) (build 1.8.0_101-b13)
# Java VM: Java HotSpot(TM) 64-Bit Server VM (25.101-b13 mixed mode bsd-amd64 compressed oops)
Heap:
 PSYoungGen      total 76288K, used 73074K [0x000000076ab00000, 0x0000000771700000, 0x00000007c0000000)
  eden space 65536K, 99% used [0x000000076ab00000,0x000000076eae2460,0x000000076eb00000)
  from space 10752K, 71% used [0x000000076eb00000,0x000000076f27a6a8,0x000000076f580000)
  to   space 10752K, 0% used [0x0000000770c80000,0x0000000770c80000,0x0000000771700000)
 ParOldGen       total 111616K, used 9461K [0x00000006c0000000, 0x00000006c6d00000, 0x000000076ab00000)
  object space 111616K, 8% used [0x00000006c0000000,0x00000006c093d4b0,0x00000006c6d00000)
 Metaspace       used 30002K, capacity 30402K, committed 30720K, reserved 1075200K
  class space    used 3839K, capacity 3975K, committed 4096K, reserved 1048576K
GC Heap History (8 events):
Event: 1.619 GC heap before
{Heap before GC invocations=1 (full 0):
 PSYoungGen      total 76288K, used 65536K [0x000000076ab00000, 0x0000000770000000, 0x00000007c0000000)
  eden space 65536K, 100% used [0x000000076ab00000,0x000000076eb00000,0x000000076eb00000)
  from space 10752K, 0% used [0x000000076f580000,0x000000076f580000,0x0000000770000000)
  to   space 10752K, 0% used [0x000000076eb00000,0x000000076eb00000,0x000000076f580000)
 ParOldGen       total 175104K, used 0K [0x00000006c0000000, 0x00000006cab00000, 0x000000076ab00000)
  object space 175104K, 0% used [0x00000006c0000000,0x00000006c0000000,0x00000006cab00000)
 Metaspace       used 13243K, capacity 13448K, committed 13568K, reserved 1060864K
  class space    used 1634K, capacity 1686K, committed 1792K, reserved 1048576K
Event: 1.630 GC heap after
Heap after GC invocations=1 (full 0):
 PSYoungGen      total 76288K, used 9050K [0x000000076ab00000, 0x0000000770000000, 0x00000007c0000000)
  eden space 65536K, 0% used [0x000000076ab00000,0x000000076ab00000,0x000000076eb00000)
  from space 10752K, 84% used [0x000000076eb00000,0x000000076f3d6b78,0x000000076f580000)
  to   space 10752K, 0% used [0x000000076f580000,0x000000076f580000,0x0000000770000000)
 ParOldGen       total 175104K, used 80K [0x00000006c0000000, 0x00000006cab00000, 0x000000076ab00000)
  object space 175104K, 0% used [0x00000006c0000000,0x00000006c0014010,0x00000006cab00000)
 Metaspace       used 13243K, capacity 13448K, committed 13568K, reserved 1060864K
  class space    used 1634K, capacity 1686K, committed 1792K, reserved 1048576K
}
Event: 2.639 GC heap before
{Heap before GC invocations=2 (full 0):
 PSYoungGen      total 76288K, used 67455K [0x000000076ab00000, 0x0000000770000000, 0x00000007c0000000)
  eden space 65536K, 89% used [0x000000076ab00000,0x000000076e4093b0,0x000000076eb00000)
  from space 10752K, 84% used [0x000000076eb00000,0x000000076f3d6b78,0x000000076f580000)
  to   space 10752K, 0% used [0x000000076f580000,0x000000076f580000,0x0000000770000000)
 ParOldGen       total 175104K, used 80K [0x00000006c0000000, 0x00000006cab00000, 0x000000076ab00000)
  object space 175104K, 0% used [0x00000006c0000000,0x00000006c0014010,0x00000006cab00000)
 Metaspace       used 20949K, capacity 21148K, committed 21296K, reserved 1069056K
  class space    used 2633K, capacity 2682K, committed 2688K, reserved 1048576K
Event: 2.656 GC heap after
Heap after GC invocations=2 (full 0):
 PSYoungGen      total 76288K, used 9810K [0x000000076ab00000, 0x0000000774000000, 0x00000007c0000000)
  eden space 65536K, 0% used [0x000000076ab00000,0x000000076ab00000,0x000000076eb00000)
  from space 10752K, 91% used [0x000000076f580000,0x000000076ff14828,0x0000000770000000)
  to   space 10752K, 0% used [0x000000076eb00000,0x000000076eb00000,0x000000076f580000)
 ParOldGen       total 175104K, used 160K [0x00000006c0000000, 0x00000006cab00000, 0x000000076ab00000)
  object space 175104K, 0% used [0x00000006c0000000,0x00000006c0028038,0x00000006cab00000)
 Metaspace       used 20949K, capacity 21148K, committed 21296K, reserved 1069056K
  class space    used 2633K, capacity 2682K, committed 2688K, reserved 1048576K
}
Event: 2.656 GC heap before
{Heap before GC invocations=3 (full 1):
 PSYoungGen      total 76288K, used 9810K [0x000000076ab00000, 0x0000000774000000, 0x00000007c0000000)
  eden space 65536K, 0% used [0x000000076ab00000,0x000000076ab00000,0x000000076eb00000)
  from space 10752K, 91% used [0x000000076f580000,0x000000076ff14828,0x0000000770000000)
  to   space 10752K, 0% used [0x000000076eb00000,0x000000076eb00000,0x000000076f580000)
 ParOldGen       total 175104K, used 160K [0x00000006c0000000, 0x00000006cab00000, 0x000000076ab00000)
  object space 175104K, 0% used [0x00000006c0000000,0x00000006c0028038,0x00000006cab00000)
 Metaspace       used 20949K, capacity 21148K, committed 21296K, reserved 1069056K
  class space    used 2633K, capacity 2682K, committed 2688K, reserved 1048576K
Event: 2.692 GC heap after
Heap after GC invocations=3 (full 1):
 PSYoungGen      total 76288K, used 0K [0x000000076ab00000, 0x0000000774000000, 0x00000007c0000000)
  eden space 65536K, 0% used [0x000000076ab00000,0x000000076ab00000,0x000000076eb00000)
  from space 10752K, 0% used [0x000000076f580000,0x000000076f580000,0x0000000770000000)
  to   space 10752K, 0% used [0x000000076eb00000,0x000000076eb00000,0x000000076f580000)
 ParOldGen       total 111616K, used 9453K [0x00000006c0000000, 0x00000006c6d00000, 0x000000076ab00000)
  object space 111616K, 8% used [0x00000006c0000000,0x00000006c093b4b0,0x00000006c6d00000)
 Metaspace       used 20949K, capacity 21148K, committed 21296K, reserved 1069056K
  class space    used 2633K, capacity 2682K, committed 2688K, reserved 1048576K
}
Event: 40.023 GC heap before
{Heap before GC invocations=4 (full 1):
 PSYoungGen      total 76288K, used 65536K [0x000000076ab00000, 0x0000000774000000, 0x00000007c0000000)
  eden space 65536K, 100% used [0x000000076ab00000,0x000000076eb00000,0x000000076eb00000)
  from space 10752K, 0% used [0x000000076f580000,0x000000076f580000,0x0000000770000000)
  to   space 10752K, 0% used [0x000000076eb00000,0x000000076eb00000,0x000000076f580000)
 ParOldGen       total 111616K, used 9453K [0x00000006c0000000, 0x00000006c6d00000, 0x000000076ab00000)
  object space 111616K, 8% used [0x00000006c0000000,0x00000006c093b4b0,0x00000006c6d00000)
 Metaspace       used 27011K, capacity 27390K, committed 27776K, reserved 1073152K
  class space    used 3441K, capacity 3589K, committed 3712K, reserved 1048576K
Event: 40.030 GC heap after
Heap after GC invocations=4 (full 1):
 PSYoungGen      total 76288K, used 7657K [0x000000076ab00000, 0x0000000771700000, 0x00000007c0000000)
  eden space 65536K, 0% used [0x000000076ab00000,0x000000076ab00000,0x000000076eb00000)
  from space 10752K, 71% used [0x000000076eb00000,0x000000076f27a6a8,0x000000076f580000)
  to   space 10752K, 0% used [0x0000000770c80000,0x0000000770c80000,0x0000000771700000)
 ParOldGen       total 111616K, used 9461K [0x00000006c0000000, 0x00000006c6d00000, 0x000000076ab00000)
  object space 111616K, 8% used [0x00000006c0000000,0x00000006c093d4b0,0x00000006c6d00000)
 Metaspace       used 27011K, capacity 27390K, committed 27776K, reserved 1073152K
  class space    used 3441K, capacity 3589K, committed 3712K, reserved 1048576K
}

